{"contracts/NftMarketplace.sol":{"l":{"52":13,"53":13,"54":1,"56":12,"60":11,"61":11,"62":3,"64":8,"71":16,"72":16,"73":16,"74":3,"76":13,"79":17,"80":2,"82":15,"103":11,"104":1,"106":10,"107":10,"124":3,"126":3,"127":1,"130":2,"132":2,"134":2,"135":2,"147":1,"148":1,"167":1,"168":1,"175":2,"176":2,"177":1,"179":1,"180":1,"181":1,"182":0,"193":4,"202":2},"path":"/Volumes/work/web3/nft-marketplace/solidity/contracts/NftMarketplace.sol","s":{"1":13,"2":13,"3":11,"4":11,"5":16,"6":16,"7":16,"8":17,"9":11,"10":10,"11":3,"12":3,"13":2,"14":2,"15":1,"16":1,"17":2,"18":2,"19":1,"20":1,"21":4,"22":2},"b":{"1":[1,12],"2":[3,8],"3":[3,13],"4":[2,15],"5":[13,1],"6":[12,1],"7":[11,1],"8":[1,10],"9":[4,0],"10":[3,1],"11":[1,2],"12":[2,1],"13":[1,1],"14":[3,1],"15":[2,1],"16":[1,1],"17":[1,1],"18":[0,1]},"f":{"1":13,"2":11,"3":16,"4":17,"5":11,"6":3,"7":1,"8":1,"9":2,"10":4,"11":2},"fnMap":{"1":{"name":"notListed","line":47,"loc":{"start":{"line":47,"column":2},"end":{"line":57,"column":2}}},"2":{"name":"isListed","line":59,"loc":{"start":{"line":59,"column":2},"end":{"line":65,"column":2}}},"3":{"name":"isOwner","line":66,"loc":{"start":{"line":66,"column":2},"end":{"line":77,"column":2}}},"4":{"name":"priceMustBeAboveZero","line":78,"loc":{"start":{"line":78,"column":2},"end":{"line":83,"column":2}}},"5":{"name":"listItem","line":99,"loc":{"start":{"line":91,"column":2},"end":{"line":108,"column":2}}},"6":{"name":"buyItem","line":123,"loc":{"start":{"line":120,"column":2},"end":{"line":136,"column":2}}},"7":{"name":"cancelListing","line":146,"loc":{"start":{"line":143,"column":2},"end":{"line":149,"column":2}}},"8":{"name":"updateListing","line":165,"loc":{"start":{"line":157,"column":2},"end":{"line":169,"column":2}}},"9":{"name":"withdrawProceeds","line":174,"loc":{"start":{"line":174,"column":2},"end":{"line":184,"column":2}}},"10":{"name":"getListing","line":192,"loc":{"start":{"line":192,"column":2},"end":{"line":194,"column":2}}},"11":{"name":"getProceeds","line":201,"loc":{"start":{"line":201,"column":2},"end":{"line":203,"column":2}}}},"statementMap":{"1":{"start":{"line":52,"column":4},"end":{"line":52,"column":60}},"2":{"start":{"line":53,"column":4},"end":{"line":53,"column":1611}},"3":{"start":{"line":60,"column":4},"end":{"line":60,"column":60}},"4":{"start":{"line":61,"column":4},"end":{"line":61,"column":1860}},"5":{"start":{"line":71,"column":4},"end":{"line":71,"column":37}},"6":{"start":{"line":72,"column":4},"end":{"line":72,"column":40}},"7":{"start":{"line":73,"column":4},"end":{"line":73,"column":2140}},"8":{"start":{"line":79,"column":4},"end":{"line":79,"column":2275}},"9":{"start":{"line":103,"column":4},"end":{"line":103,"column":2809}},"10":{"start":{"line":107,"column":4},"end":{"line":107,"column":59}},"11":{"start":{"line":124,"column":4},"end":{"line":124,"column":63}},"12":{"start":{"line":126,"column":4},"end":{"line":126,"column":3503}},"13":{"start":{"line":134,"column":4},"end":{"line":134,"column":79}},"14":{"start":{"line":135,"column":4},"end":{"line":135,"column":70}},"15":{"start":{"line":148,"column":4},"end":{"line":148,"column":54}},"16":{"start":{"line":168,"column":4},"end":{"line":168,"column":62}},"17":{"start":{"line":175,"column":4},"end":{"line":175,"column":45}},"18":{"start":{"line":176,"column":4},"end":{"line":176,"column":4856}},"19":{"start":{"line":180,"column":4},"end":{"line":180,"column":68}},"20":{"start":{"line":181,"column":4},"end":{"line":181,"column":5032}},"21":{"start":{"line":193,"column":4},"end":{"line":193,"column":42}},"22":{"start":{"line":202,"column":4},"end":{"line":202,"column":29}}},"branchMap":{"1":{"line":53,"type":"if","locations":[{"start":{"line":53,"column":4},"end":{"line":53,"column":4}},{"start":{"line":53,"column":4},"end":{"line":53,"column":4}}]},"2":{"line":61,"type":"if","locations":[{"start":{"line":61,"column":4},"end":{"line":61,"column":4}},{"start":{"line":61,"column":4},"end":{"line":61,"column":4}}]},"3":{"line":73,"type":"if","locations":[{"start":{"line":73,"column":4},"end":{"line":73,"column":4}},{"start":{"line":73,"column":4},"end":{"line":73,"column":4}}]},"4":{"line":79,"type":"if","locations":[{"start":{"line":79,"column":4},"end":{"line":79,"column":4}},{"start":{"line":79,"column":4},"end":{"line":79,"column":4}}]},"5":{"line":97,"type":"if","locations":[{"start":{"line":97,"column":4},"end":{"line":97,"column":4}},{"start":{"line":97,"column":4},"end":{"line":97,"column":4}}]},"6":{"line":98,"type":"if","locations":[{"start":{"line":98,"column":4},"end":{"line":98,"column":4}},{"start":{"line":98,"column":4},"end":{"line":98,"column":4}}]},"7":{"line":99,"type":"if","locations":[{"start":{"line":99,"column":4},"end":{"line":99,"column":4}},{"start":{"line":99,"column":4},"end":{"line":99,"column":4}}]},"8":{"line":103,"type":"if","locations":[{"start":{"line":103,"column":4},"end":{"line":103,"column":4}},{"start":{"line":103,"column":4},"end":{"line":103,"column":4}}]},"9":{"line":123,"type":"if","locations":[{"start":{"line":123,"column":21},"end":{"line":123,"column":21}},{"start":{"line":123,"column":21},"end":{"line":123,"column":21}}]},"10":{"line":123,"type":"if","locations":[{"start":{"line":123,"column":34},"end":{"line":123,"column":34}},{"start":{"line":123,"column":34},"end":{"line":123,"column":34}}]},"11":{"line":126,"type":"if","locations":[{"start":{"line":126,"column":4},"end":{"line":126,"column":4}},{"start":{"line":126,"column":4},"end":{"line":126,"column":4}}]},"12":{"line":146,"type":"if","locations":[{"start":{"line":146,"column":13},"end":{"line":146,"column":13}},{"start":{"line":146,"column":13},"end":{"line":146,"column":13}}]},"13":{"line":146,"type":"if","locations":[{"start":{"line":146,"column":43},"end":{"line":146,"column":43}},{"start":{"line":146,"column":43},"end":{"line":146,"column":43}}]},"14":{"line":163,"type":"if","locations":[{"start":{"line":163,"column":4},"end":{"line":163,"column":4}},{"start":{"line":163,"column":4},"end":{"line":163,"column":4}}]},"15":{"line":164,"type":"if","locations":[{"start":{"line":164,"column":4},"end":{"line":164,"column":4}},{"start":{"line":164,"column":4},"end":{"line":164,"column":4}}]},"16":{"line":165,"type":"if","locations":[{"start":{"line":165,"column":4},"end":{"line":165,"column":4}},{"start":{"line":165,"column":4},"end":{"line":165,"column":4}}]},"17":{"line":176,"type":"if","locations":[{"start":{"line":176,"column":4},"end":{"line":176,"column":4}},{"start":{"line":176,"column":4},"end":{"line":176,"column":4}}]},"18":{"line":181,"type":"if","locations":[{"start":{"line":181,"column":4},"end":{"line":181,"column":4}},{"start":{"line":181,"column":4},"end":{"line":181,"column":4}}]}}},"contracts/test/BasicNft.sol":{"l":{"14":3,"18":12,"19":12,"20":12,"24":0,"25":0,"29":0,"33":0},"path":"/Volumes/work/web3/nft-marketplace/solidity/contracts/test/BasicNft.sol","s":{"1":12,"2":12,"3":0,"4":0,"5":0,"6":0},"b":{"1":[0,0]},"f":{"1":3,"2":12,"3":0,"4":0,"5":0},"fnMap":{"1":{"name":"constructor","line":13,"loc":{"start":{"line":13,"column":2},"end":{"line":15,"column":2}}},"2":{"name":"mintNft","line":17,"loc":{"start":{"line":17,"column":2},"end":{"line":21,"column":2}}},"3":{"name":"tokenURI","line":23,"loc":{"start":{"line":23,"column":2},"end":{"line":26,"column":2}}},"4":{"name":"getTokenCounter","line":28,"loc":{"start":{"line":28,"column":2},"end":{"line":30,"column":2}}},"5":{"name":"_exists","line":32,"loc":{"start":{"line":32,"column":2},"end":{"line":34,"column":2}}}},"statementMap":{"1":{"start":{"line":18,"column":4},"end":{"line":18,"column":40}},"2":{"start":{"line":19,"column":4},"end":{"line":19,"column":34}},"3":{"start":{"line":24,"column":4},"end":{"line":24,"column":79}},"4":{"start":{"line":25,"column":4},"end":{"line":25,"column":20}},"5":{"start":{"line":29,"column":4},"end":{"line":29,"column":25}},"6":{"start":{"line":33,"column":4},"end":{"line":33,"column":42}}},"branchMap":{"1":{"line":24,"type":"if","locations":[{"start":{"line":24,"column":4},"end":{"line":24,"column":4}},{"start":{"line":24,"column":4},"end":{"line":24,"column":4}}]}}}}