TN:
SF:/Volumes/work/web3/nft-marketplace/solidity/contracts/NftMarketplace.sol
FN:47,notListed
FN:59,isListed
FN:66,isOwner
FN:78,priceMustBeAboveZero
FN:99,listItem
FN:123,buyItem
FN:146,cancelListing
FN:165,updateListing
FN:174,withdrawProceeds
FN:192,getListing
FN:201,getProceeds
FNF:11
FNH:11
FNDA:13,notListed
FNDA:11,isListed
FNDA:16,isOwner
FNDA:17,priceMustBeAboveZero
FNDA:11,listItem
FNDA:3,buyItem
FNDA:1,cancelListing
FNDA:1,updateListing
FNDA:2,withdrawProceeds
FNDA:4,getListing
FNDA:2,getProceeds
DA:52,13
DA:53,13
DA:54,1
DA:56,12
DA:60,11
DA:61,11
DA:62,3
DA:64,8
DA:71,16
DA:72,16
DA:73,16
DA:74,3
DA:76,13
DA:79,17
DA:80,2
DA:82,15
DA:103,11
DA:104,1
DA:106,10
DA:107,10
DA:124,3
DA:126,3
DA:127,1
DA:130,2
DA:132,2
DA:134,2
DA:135,2
DA:147,1
DA:148,1
DA:167,1
DA:168,1
DA:175,2
DA:176,2
DA:177,1
DA:179,1
DA:180,1
DA:181,1
DA:182,0
DA:193,4
DA:202,2
LF:40
LH:39
BRDA:53,1,0,1
BRDA:53,1,1,12
BRDA:61,2,0,3
BRDA:61,2,1,8
BRDA:73,3,0,3
BRDA:73,3,1,13
BRDA:79,4,0,2
BRDA:79,4,1,15
BRDA:97,5,0,13
BRDA:97,5,1,1
BRDA:98,6,0,12
BRDA:98,6,1,1
BRDA:99,7,0,11
BRDA:99,7,1,1
BRDA:103,8,0,1
BRDA:103,8,1,10
BRDA:123,9,0,4
BRDA:123,9,1,0
BRDA:123,10,0,3
BRDA:123,10,1,1
BRDA:126,11,0,1
BRDA:126,11,1,2
BRDA:146,12,0,2
BRDA:146,12,1,1
BRDA:146,13,0,1
BRDA:146,13,1,1
BRDA:163,14,0,3
BRDA:163,14,1,1
BRDA:164,15,0,2
BRDA:164,15,1,1
BRDA:165,16,0,1
BRDA:165,16,1,1
BRDA:176,17,0,1
BRDA:176,17,1,1
BRDA:181,18,0,0
BRDA:181,18,1,1
BRF:36
BRH:34
end_of_record
TN:
SF:/Volumes/work/web3/nft-marketplace/solidity/contracts/test/BasicNft.sol
FN:13,constructor
FN:17,mintNft
FN:23,tokenURI
FN:28,getTokenCounter
FN:32,_exists
FNF:5
FNH:2
FNDA:3,constructor
FNDA:12,mintNft
FNDA:0,tokenURI
FNDA:0,getTokenCounter
FNDA:0,_exists
DA:14,3
DA:18,12
DA:19,12
DA:20,12
DA:24,0
DA:25,0
DA:29,0
DA:33,0
LF:8
LH:4
BRDA:24,1,0,0
BRDA:24,1,1,0
BRF:2
BRH:0
end_of_record
